<?xml version="1.0" encoding="UTF-8"?>
<testng-results ignored="0" total="1" passed="1" failed="0" skipped="0">
  <reporter-output>
  </reporter-output>
  <suite started-at="2022-09-30T15:48:11 IST" name="Default suite" finished-at="2022-09-30T15:48:11 IST" duration-ms="52">
    <groups>
    </groups>
    <test started-at="2022-09-30T15:48:11 IST" name="Default test" finished-at="2022-09-30T15:48:11 IST" duration-ms="52">
      <class name="jenken_package.jenken_class$CreateTest">
        <test-method signature="Created()[pri:0, instance:jenken_package.jenken_class$CreateTest@5acf93bb]" started-at="2022-09-30T15:48:11 IST" name="Created" finished-at="2022-09-30T15:48:11 IST" duration-ms="10" status="PASS">
          <reporter-output>
          </reporter-output>
        </test-method> <!-- Created -->
      </class> <!-- jenken_package.jenken_class$CreateTest -->
    </test> <!-- Default test -->
  </suite> <!-- Default suite -->
</testng-results>
